<?xml version="1.0" encoding="UTF-8"?>
<!-- Generated by org.testng.reporters.JUnitXMLReporter -->
<testsuite ignored="0" hostname="DESKTOP-I3PT2JI" failures="0" tests="3" name="Login Page Test" time="51.011" errors="0" timestamp="2021-04-07T14:18:47 ULAT">
  <testcase classname="com.qa.crmpro.tests.LoginPageTest" name="verifyLoginPageTitleTest" time="0.599"/>
  <testcase classname="com.qa.crmpro.tests.LoginPageTest" name="verifySignUpLinkTest" time="0.334"/>
  <testcase classname="com.qa.crmpro.tests.LoginPageTest" name="loginTest" time="6.611"/>
</testsuite> <!-- Login Page Test -->
