<?xml version="1.0" encoding="UTF-8"?>
<!-- Generated by org.testng.reporters.JUnitXMLReporter -->
<testsuite ignored="0" hostname="DESKTOP-I3PT2JI" failures="0" tests="3" name="Login Page Test" time="17.332" errors="0" timestamp="2021-04-21T16:08:35 ULAT">
  <testcase classname="com.qa.crmpro.tests.LoginPageTest" name="verifyLoginPageTitleTest" time="0.37"/>
  <testcase classname="com.qa.crmpro.tests.LoginPageTest" name="verifySignUpLinkTest" time="0.179"/>
  <testcase classname="com.qa.crmpro.tests.LoginPageTest" name="loginTest" time="5.882"/>
</testsuite> <!-- Login Page Test -->
