<?xml version="1.0" encoding="UTF-8"?>
<testng-results ignored="0" total="3" passed="3" failed="0" skipped="0">
  <reporter-output>
  </reporter-output>
  <suite started-at="2021-04-21T23:18:16 ULAT" name="CRMPRO Test Automation Regression Suite" finished-at="2021-04-21T23:19:16 ULAT" duration-ms="60339">
    <groups>
    </groups>
    <test started-at="2021-04-21T23:18:16 ULAT" name="Login Page Test" finished-at="2021-04-21T23:19:16 ULAT" duration-ms="60339">
      <class name="com.qa.crmpro.tests.LoginPageTest">
        <test-method is-config="true" signature="setUp()[pri:0, instance:com.qa.crmpro.tests.LoginPageTest@1422ac7f]" started-at="2021-04-21T23:18:16 ULAT" name="setUp" finished-at="2021-04-21T23:18:57 ULAT" duration-ms="41165" status="PASS">
          <reporter-output>
          </reporter-output>
        </test-method> <!-- setUp -->
        <test-method signature="verifyLoginPageTitleTest()[pri:1, instance:com.qa.crmpro.tests.LoginPageTest@1422ac7f]" started-at="2021-04-21T23:18:57 ULAT" name="verifyLoginPageTitleTest" finished-at="2021-04-21T23:18:57 ULAT" duration-ms="462" status="PASS">
          <reporter-output>
          </reporter-output>
        </test-method> <!-- verifyLoginPageTitleTest -->
        <test-method signature="verifySignUpLinkTest()[pri:2, instance:com.qa.crmpro.tests.LoginPageTest@1422ac7f]" started-at="2021-04-21T23:18:58 ULAT" name="verifySignUpLinkTest" finished-at="2021-04-21T23:18:58 ULAT" duration-ms="151" status="PASS">
          <reporter-output>
          </reporter-output>
        </test-method> <!-- verifySignUpLinkTest -->
        <test-method signature="loginTest()[pri:3, instance:com.qa.crmpro.tests.LoginPageTest@1422ac7f]" started-at="2021-04-21T23:18:58 ULAT" name="loginTest" finished-at="2021-04-21T23:19:15 ULAT" duration-ms="17227" status="PASS">
          <reporter-output>
          </reporter-output>
        </test-method> <!-- loginTest -->
        <test-method is-config="true" signature="tearDown()[pri:0, instance:com.qa.crmpro.tests.LoginPageTest@1422ac7f]" started-at="2021-04-21T23:19:15 ULAT" name="tearDown" finished-at="2021-04-21T23:19:16 ULAT" duration-ms="800" status="PASS">
          <reporter-output>
          </reporter-output>
        </test-method> <!-- tearDown -->
      </class> <!-- com.qa.crmpro.tests.LoginPageTest -->
    </test> <!-- Login Page Test -->
  </suite> <!-- CRMPRO Test Automation Regression Suite -->
</testng-results>
